<?xml version="1.0" encoding="UTF-8"?>
<robot generator="Robot 6.1.1 (Python 3.10.11 on win32)" generated="20240119 15:06:33.054" rpa="false" schemaversion="4">
<suite id="s1" name="Robot" source="C:\Users\Dell\Desktop\robot">
<suite id="s1-s1" name="Robot" source="C:\Users\Dell\Desktop\robot\robot">
<suite id="s1-s1-s1" name="Test Luma" source="C:\Users\Dell\Desktop\robot\robot\test_luma.robot">
<test id="s1-s1-s1-t1" name="Luma Test" line="16">
<kw name="Open Browser" library="SeleniumLibrary" type="SETUP">
<arg>https://www.google.com/</arg>
<arg>chrome</arg>
<doc>Opens a new browser instance to the optional ``url``.</doc>
<msg timestamp="20240119 15:06:33.549" level="INFO">Opening browser 'chrome' to base url 'https://www.google.com/'.</msg>
<status status="PASS" starttime="20240119 15:06:33.547" endtime="20240119 15:06:38.619"/>
</kw>
<kw name="Set Selenium Speed" library="SeleniumLibrary">
<arg>0.5</arg>
<doc>Sets the delay that is waited after each Selenium command.</doc>
<status status="PASS" starttime="20240119 15:06:38.620" endtime="20240119 15:06:38.621"/>
</kw>
<kw name="Maximize Browser Window" library="SeleniumLibrary">
<doc>Maximizes current browser window.</doc>
<status status="PASS" starttime="20240119 15:06:38.622" endtime="20240119 15:06:39.270"/>
</kw>
<kw name="Login">
<arg>${EMAIL}</arg>
<arg>${PASSWORD}</arg>
<doc>Test du formule de connexion</doc>
<kw name="Go To" library="SeleniumLibrary">
<arg>${URL}</arg>
<doc>Navigates the current browser window to the provided ``url``.</doc>
<msg timestamp="20240119 15:06:39.293" level="INFO">Opening url 'https://magento.softwaretestingboard.com/'</msg>
<status status="PASS" starttime="20240119 15:06:39.288" endtime="20240119 15:06:40.879"/>
</kw>
<kw name="Click Element" library="SeleniumLibrary">
<arg>link=Sign In</arg>
<doc>Click the element identified by ``locator``.</doc>
<msg timestamp="20240119 15:06:40.882" level="INFO">Clicking element 'link=Sign In'.</msg>
<status status="PASS" starttime="20240119 15:06:40.880" endtime="20240119 15:06:45.708"/>
</kw>
<kw name="Input Text" library="SeleniumLibrary">
<arg>id=email</arg>
<arg>${EMAIL}</arg>
<doc>Types the given ``text`` into the text field identified by ``locator``.</doc>
<msg timestamp="20240119 15:06:45.713" level="INFO">Typing text 'd@d.fr' into text field 'id=email'.</msg>
<status status="PASS" starttime="20240119 15:06:45.709" endtime="20240119 15:06:47.570"/>
</kw>
<kw name="Input Text" library="SeleniumLibrary">
<arg>id=pass</arg>
<arg>${PASSWORD}</arg>
<doc>Types the given ``text`` into the text field identified by ``locator``.</doc>
<msg timestamp="20240119 15:06:47.575" level="INFO">Typing text 'Da12345678' into text field 'id=pass'.</msg>
<status status="PASS" starttime="20240119 15:06:47.572" endtime="20240119 15:06:49.322"/>
</kw>
<kw name="Click Element" library="SeleniumLibrary">
<arg>xpath=//form[@id='login-form'][1]/fieldset/div[4]/div[1]/button/span</arg>
<doc>Click the element identified by ``locator``.</doc>
<msg timestamp="20240119 15:06:49.329" level="INFO">Clicking element 'xpath=//form[@id='login-form'][1]/fieldset/div[4]/div[1]/button/span'.</msg>
<status status="PASS" starttime="20240119 15:06:49.325" endtime="20240119 15:06:52.853"/>
</kw>
<status status="PASS" starttime="20240119 15:06:39.273" endtime="20240119 15:06:52.854"/>
</kw>
<kw name="Navigate to Subsubmenu">
<doc>Test de redirection à partir d'un dropdown</doc>
<kw name="Mouse Over" library="SeleniumLibrary">
<arg>xpath=//nav[@class='navigation'][1]/ul/li[3]/a/span</arg>
<doc>Simulates hovering the mouse over the element ``locator``.</doc>
<msg timestamp="20240119 15:06:52.857" level="INFO">Simulating Mouse Over on element 'xpath=//nav[@class='navigation'][1]/ul/li[3]/a/span'.</msg>
<status status="PASS" starttime="20240119 15:06:52.856" endtime="20240119 15:06:54.248"/>
</kw>
<kw name="Mouse Over" library="SeleniumLibrary">
<arg>xpath=//ul[@class='level0 submenu ui-menu ui-widget ui-widget-content ui-corner-all']/li[@class='level1 nav-3-1 category-item first parent ui-menu-item'][1]/a/span[2]</arg>
<doc>Simulates hovering the mouse over the element ``locator``.</doc>
<msg timestamp="20240119 15:06:54.250" level="INFO">Simulating Mouse Over on element 'xpath=//ul[@class='level0 submenu ui-menu ui-widget ui-widget-content ui-corner-all']/li[@class='level1 nav-3-1 category-item first parent ui-menu-item'][1]/a/span[2]'.</msg>
<status status="PASS" starttime="20240119 15:06:54.249" endtime="20240119 15:06:55.556"/>
</kw>
<kw name="Click Element" library="SeleniumLibrary">
<arg>xpath=//ul[@class='level1 submenu ui-menu ui-widget ui-widget-content ui-corner-all expanded']/li[@class='level2 nav-3-1-1 category-item first ui-menu-item']/a/span[1]</arg>
<doc>Click the element identified by ``locator``.</doc>
<msg timestamp="20240119 15:06:55.567" level="INFO">Clicking element 'xpath=//ul[@class='level1 submenu ui-menu ui-widget ui-widget-content ui-corner-all expanded']/li[@class='level2 nav-3-1-1 category-item first ui-menu-item']/a/span[1]'.</msg>
<status status="PASS" starttime="20240119 15:06:55.557" endtime="20240119 15:06:58.558"/>
</kw>
<status status="PASS" starttime="20240119 15:06:52.855" endtime="20240119 15:06:58.559"/>
</kw>
<kw name="Add Items To Cart">
<doc>Test d'ajout d'articles au panier</doc>
<kw name="Click Element" library="SeleniumLibrary">
<arg>id=option-label-size-143-item-169</arg>
<doc>Click the element identified by ``locator``.</doc>
<msg timestamp="20240119 15:06:58.562" level="INFO">Clicking element 'id=option-label-size-143-item-169'.</msg>
<status status="PASS" starttime="20240119 15:06:58.561" endtime="20240119 15:06:59.709"/>
</kw>
<kw name="Click Element" library="SeleniumLibrary">
<arg>id=option-label-color-93-item-50</arg>
<doc>Click the element identified by ``locator``.</doc>
<msg timestamp="20240119 15:06:59.712" level="INFO">Clicking element 'id=option-label-color-93-item-50'.</msg>
<status status="PASS" starttime="20240119 15:06:59.710" endtime="20240119 15:07:00.854"/>
</kw>
<kw name="Click Element" library="SeleniumLibrary">
<arg>xpath=//main[@id='maincontent']/div[3]/div/div[4]/ol/li/div/div/div[3]/div/div/form/button/span</arg>
<doc>Click the element identified by ``locator``.</doc>
<msg timestamp="20240119 15:07:00.857" level="INFO">Clicking element 'xpath=//main[@id='maincontent']/div[3]/div/div[4]/ol/li/div/div/div[3]/div/div/form/button/span'.</msg>
<status status="PASS" starttime="20240119 15:07:00.855" endtime="20240119 15:07:02.093"/>
</kw>
<kw name="Sleep" library="BuiltIn">
<arg>10</arg>
<doc>Pauses the test executed for the given time.</doc>
<msg timestamp="20240119 15:07:12.106" level="INFO">Slept 10 seconds</msg>
<status status="PASS" starttime="20240119 15:07:02.093" endtime="20240119 15:07:12.108"/>
</kw>
<kw name="Click Element" library="SeleniumLibrary">
<arg>xpath=(.//*[normalize-space(text()) and normalize-space(.)='Toggle Nav'])[1]/following::a[2]</arg>
<doc>Click the element identified by ``locator``.</doc>
<msg timestamp="20240119 15:07:12.122" level="INFO">Clicking element 'xpath=(.//*[normalize-space(text()) and normalize-space(.)='Toggle Nav'])[1]/following::a[2]'.</msg>
<status status="PASS" starttime="20240119 15:07:12.109" endtime="20240119 15:07:13.288"/>
</kw>
<kw name="Get WebElements" library="SeleniumLibrary">
<var>${cart_items}</var>
<arg>xpath=//header[@class='page-header']/div[@class='header content']/div/div/div/div/div/div[4]/ol/li</arg>
<doc>Returns a list of WebElement objects matching the ``locator``.</doc>
<msg timestamp="20240119 15:07:13.841" level="INFO">${cart_items} = [&lt;selenium.webdriver.remote.webelement.WebElement (session="d9e7913434be665eb569f70436c0d277", element="831E06B92B8C7326E03E4493C00FF182_element_170")&gt;]</msg>
<status status="PASS" starttime="20240119 15:07:13.289" endtime="20240119 15:07:13.846"/>
</kw>
<kw name="Get Length" library="BuiltIn">
<var>${item_count}</var>
<arg>${cart_items}</arg>
<doc>Returns and logs the length of the given item as an integer.</doc>
<msg timestamp="20240119 15:07:13.853" level="INFO">Length is 1</msg>
<msg timestamp="20240119 15:07:13.855" level="INFO">${item_count} = 1</msg>
<status status="PASS" starttime="20240119 15:07:13.849" endtime="20240119 15:07:13.857"/>
</kw>
<kw name="Log To Console" library="BuiltIn">
<arg>Nombre total d'elements: ${item_count}</arg>
<doc>Logs the given message to the console.</doc>
<status status="PASS" starttime="20240119 15:07:13.862" endtime="20240119 15:07:13.870"/>
</kw>
<kw name="Should Be Equal As Numbers" library="BuiltIn">
<arg>${item_count}</arg>
<arg>1</arg>
<arg>Le nombre d'éléments dans le panier n'est pas égal à 1</arg>
<doc>Fails if objects are unequal after converting them to real numbers.</doc>
<msg timestamp="20240119 15:07:13.873" level="INFO">Argument types are:
&lt;class 'int'&gt;
&lt;class 'str'&gt;</msg>
<status status="PASS" starttime="20240119 15:07:13.871" endtime="20240119 15:07:13.874"/>
</kw>
<status status="PASS" starttime="20240119 15:06:58.560" endtime="20240119 15:07:13.877"/>
</kw>
<kw name="Count Articles With Quantity in Cart">
<kw name="Set Variable" library="BuiltIn">
<var>${total_quantity}</var>
<arg>0</arg>
<doc>Returns the given values which can then be assigned to a variables.</doc>
<msg timestamp="20240119 15:07:13.882" level="INFO">${total_quantity} = 0</msg>
<status status="PASS" starttime="20240119 15:07:13.881" endtime="20240119 15:07:13.884"/>
</kw>
<kw name="Get WebElements" library="SeleniumLibrary">
<var>${article_elements}</var>
<arg>xpath=//header[@class='page-header']/div[@class='header content']/div/div/div/div/div/div[4]/ol/li/div/div/div/div[2]/input</arg>
<doc>Returns a list of WebElement objects matching the ``locator``.</doc>
<msg timestamp="20240119 15:07:14.427" level="INFO">${article_elements} = [&lt;selenium.webdriver.remote.webelement.WebElement (session="d9e7913434be665eb569f70436c0d277", element="831E06B92B8C7326E03E4493C00FF182_element_171")&gt;]</msg>
<status status="PASS" starttime="20240119 15:07:13.885" endtime="20240119 15:07:14.428"/>
</kw>
<for flavor="IN">
<var>${element}</var>
<value>@{article_elements}</value>
<iter>
<var name="${element}">&lt;selenium.webdriver.remote.webelement.WebElement (session="d9e7913434be665eb569f70436c0d277", element="831E06B92B8C7326E03E4493C00FF182_element_171")&gt;</var>
<kw name="Get Element Attribute" library="SeleniumLibrary">
<var>${quantity}</var>
<arg>${element}</arg>
<arg>data-item-qty</arg>
<doc>Returns the value of ``attribute`` from the element ``locator``.</doc>
<msg timestamp="20240119 15:07:14.963" level="INFO">${quantity} = 24</msg>
<status status="PASS" starttime="20240119 15:07:14.432" endtime="20240119 15:07:14.965"/>
</kw>
<kw name="Log To Console" library="BuiltIn">
<arg>Quantité: ${quantity}</arg>
<doc>Logs the given message to the console.</doc>
<status status="PASS" starttime="20240119 15:07:14.965" endtime="20240119 15:07:14.967"/>
</kw>
<kw name="Evaluate" library="BuiltIn">
<var>${total_quantity}</var>
<arg>${total_quantity} + int(${quantity})</arg>
<doc>Evaluates the given expression in Python and returns the result.</doc>
<msg timestamp="20240119 15:07:14.969" level="INFO">${total_quantity} = 24</msg>
<status status="PASS" starttime="20240119 15:07:14.968" endtime="20240119 15:07:14.971"/>
</kw>
<status status="PASS" starttime="20240119 15:07:14.431" endtime="20240119 15:07:14.971"/>
</iter>
<status status="PASS" starttime="20240119 15:07:14.429" endtime="20240119 15:07:14.971"/>
</for>
<kw name="Log To Console" library="BuiltIn">
<arg>Nombre total d'elements dans le panier: ${total_quantity}</arg>
<doc>Logs the given message to the console.</doc>
<status status="PASS" starttime="20240119 15:07:14.972" endtime="20240119 15:07:14.976"/>
</kw>
<status status="PASS" starttime="20240119 15:07:13.880" endtime="20240119 15:07:14.977"/>
</kw>
<kw name="Logout">
<doc>Test du deconnexion</doc>
<kw name="Wait Until Page Contains Element" library="SeleniumLibrary">
<arg>xpath=//div[@class='panel header'][1]/ul[@class='header links']</arg>
<arg>timeout=10s</arg>
<doc>Waits until the element ``locator`` appears on the current page.</doc>
<status status="PASS" starttime="20240119 15:07:15.022" endtime="20240119 15:07:15.593"/>
</kw>
<kw name="Click Button" library="SeleniumLibrary">
<arg>xpath=//div[@class='panel header'][1]/ul[@class='header links'][1]/li[@class='customer-welcome']/span/button</arg>
<doc>Clicks the button identified by ``locator``.</doc>
<msg timestamp="20240119 15:07:15.594" level="INFO">Clicking button 'xpath=//div[@class='panel header'][1]/ul[@class='header links'][1]/li[@class='customer-welcome']/span/button'.</msg>
<status status="PASS" starttime="20240119 15:07:15.593" endtime="20240119 15:07:18.274"/>
</kw>
<kw name="Click Element" library="SeleniumLibrary">
<arg>xpath=//div[@class='customer-menu']/ul/li[@class='authorization-link']/a</arg>
<doc>Click the element identified by ``locator``.</doc>
<msg timestamp="20240119 15:07:18.275" level="INFO">Clicking element 'xpath=//div[@class='customer-menu']/ul/li[@class='authorization-link']/a'.</msg>
<status status="PASS" starttime="20240119 15:07:18.274" endtime="20240119 15:07:21.695"/>
</kw>
<status status="PASS" starttime="20240119 15:07:15.019" endtime="20240119 15:07:21.695"/>
</kw>
<kw name="Set Selenium Speed" library="SeleniumLibrary">
<arg>1</arg>
<doc>Sets the delay that is waited after each Selenium command.</doc>
<status status="PASS" starttime="20240119 15:07:21.696" endtime="20240119 15:07:21.697"/>
</kw>
<kw name="Close Browser" library="SeleniumLibrary" type="TEARDOWN">
<doc>Closes the current browser.</doc>
<status status="PASS" starttime="20240119 15:07:21.699" endtime="20240119 15:07:24.929"/>
</kw>
<status status="PASS" starttime="20240119 15:06:33.543" endtime="20240119 15:07:24.930"/>
</test>
<status status="PASS" starttime="20240119 15:06:33.127" endtime="20240119 15:07:24.935"/>
</suite>
<status status="PASS" starttime="20240119 15:06:33.120" endtime="20240119 15:07:24.939"/>
</suite>
<status status="PASS" starttime="20240119 15:06:33.072" endtime="20240119 15:07:24.944"/>
</suite>
<statistics>
<total>
<stat pass="1" fail="0" skip="0">All Tests</stat>
</total>
<tag>
</tag>
<suite>
<stat pass="1" fail="0" skip="0" id="s1" name="Robot">Robot</stat>
<stat pass="1" fail="0" skip="0" id="s1-s1" name="Robot">Robot.Robot</stat>
<stat pass="1" fail="0" skip="0" id="s1-s1-s1" name="Test Luma">Robot.Robot.Test Luma</stat>
</suite>
</statistics>
<errors>
</errors>
</robot>
